DEBUG:urllib3.connectionpool:Starting new HTTPS connection (1): api.ipify.org:443
DEBUG:urllib3.connectionpool:https://api.ipify.org:443 "GET / HTTP/1.1" 200 13
DEBUG:markdown_it.rules_block.code:entering code: StateBlock(line=0,level=0,tokens=0), 0, 2, False
DEBUG:markdown_it.rules_block.fence:entering fence: StateBlock(line=0,level=0,tokens=0), 0, 2, False
DEBUG:markdown_it.rules_block.blockquote:entering blockquote: StateBlock(line=0,level=0,tokens=0), 0, 2, False
DEBUG:markdown_it.rules_block.hr:entering hr: StateBlock(line=0,level=0,tokens=0), 0, 2, False
DEBUG:markdown_it.rules_block.list:entering list: StateBlock(line=0,level=0,tokens=0), 0, 2, False
DEBUG:markdown_it.rules_block.reference:entering reference: StateBlock(line=0,level=0,tokens=0), 0, 2, False
DEBUG:markdown_it.rules_block.html_block:entering html_block: StateBlock(line=0,level=0,tokens=0), 0, 2, False
DEBUG:markdown_it.rules_block.heading:entering heading: StateBlock(line=0,level=0,tokens=0), 0, 2, False
DEBUG:markdown_it.rules_block.code:entering code: StateBlock(line=1,level=0,tokens=3), 1, 2, False
DEBUG:markdown_it.rules_block.fence:entering fence: StateBlock(line=1,level=0,tokens=3), 1, 2, False
DEBUG:markdown_it.rules_block.blockquote:entering blockquote: StateBlock(line=1,level=0,tokens=3), 1, 2, False
DEBUG:markdown_it.rules_block.hr:entering hr: StateBlock(line=1,level=0,tokens=3), 1, 2, False
DEBUG:markdown_it.rules_block.list:entering list: StateBlock(line=1,level=0,tokens=3), 1, 2, False
DEBUG:markdown_it.rules_block.reference:entering reference: StateBlock(line=1,level=0,tokens=3), 1, 2, False
DEBUG:markdown_it.rules_block.html_block:entering html_block: StateBlock(line=1,level=0,tokens=3), 1, 2, False
DEBUG:markdown_it.rules_block.heading:entering heading: StateBlock(line=1,level=0,tokens=3), 1, 2, False
DEBUG:markdown_it.rules_block.lheading:entering lheading: StateBlock(line=1,level=0,tokens=3), 1, 2, False
DEBUG:markdown_it.rules_block.paragraph:entering paragraph: StateBlock(line=1,level=0,tokens=3), 1, 2, False
DEBUG:asyncio:Using selector: EpollSelector
DEBUG:urllib3.connectionpool:Starting new HTTP connection (1): 0.0.0.0:7860
DEBUG:urllib3.connectionpool:http://0.0.0.0:7860 "HEAD / HTTP/1.1" 200 0
DEBUG:urllib3.connectionpool:Starting new HTTPS connection (1): api.gradio.app:443
DEBUG:urllib3.connectionpool:https://api.gradio.app:443 "POST /gradio-launched-analytics/ HTTP/1.1" 200 30
